<?xml version="1.0" encoding="UTF-8"?>
<!-- Generated by org.testng.reporters.JUnitReportReporter -->
<testsuite hostname="DESKTOP-PQE36GM" failures="0" tests="1" name="achyuthacademy.AppiumBasics" time="6.268" errors="0" timestamp="19 Jun 2023 13:03:26 GMT" skipped="0">
  <testcase classname="achyuthacademy.AppiumBasics" name="wifiSettingName" time="6.268"/>
</testsuite> <!-- achyuthacademy.AppiumBasics -->
