<?xml version="1.0" encoding="UTF-8"?>
<!-- Generated by org.testng.reporters.JUnitReportReporter -->
<testsuite hostname="DESKTOP-PQE36GM" failures="0" tests="1" name="achyuthacademy.basee1" time="6.325" errors="0" timestamp="17 Jun 2023 05:22:48 GMT" skipped="0">
  <testcase classname="achyuthacademy.basee1" name="m1" time="6.325"/>
</testsuite> <!-- achyuthacademy.basee1 -->
